<?xml version="1.0" encoding="UTF-8"?>
<testsuite name="ru.stqa.pft.javawebtesting.DeleteGroupTest" tests="1" skipped="0" failures="0" errors="0" timestamp="2021-06-07T12:32:09" hostname="YARRISLAPTOP" time="46.315">
  <properties/>
  <testcase name="deleteGroup" classname="ru.stqa.pft.javawebtesting.DeleteGroupTest" time="46.315"/>
  <system-out><![CDATA[]]></system-out>
  <system-err><![CDATA[]]></system-err>
</testsuite>
