<?xml version="1.0" encoding="UTF-8"?>
<testsuite name="ru.stqa.pft.javawebtesting.AddGroupTest" tests="1" skipped="0" failures="0" errors="0" timestamp="2021-06-07T11:58:14" hostname="YARRISLAPTOP" time="0.643">
  <properties/>
  <testcase name="addGroup" classname="ru.stqa.pft.javawebtesting.AddGroupTest" time="0.643"/>
  <system-out><![CDATA[]]></system-out>
  <system-err><![CDATA[]]></system-err>
</testsuite>
