<?xml version="1.0" encoding="UTF-8"?>
<testsuite name="ru.stqa.pft.javawebtesting.tests.EditGroupTest" tests="1" skipped="0" failures="0" errors="0" timestamp="2021-06-07T20:58:48" hostname="YARRISLAPTOP" time="0.663">
  <properties/>
  <testcase name="editGroupTest" classname="ru.stqa.pft.javawebtesting.tests.EditGroupTest" time="0.663"/>
  <system-out><![CDATA[]]></system-out>
  <system-err><![CDATA[]]></system-err>
</testsuite>
