<?xml version="1.0" encoding="UTF-8"?>
<testsuite name="ru.stqa.pft.sandbox.PointTests" tests="2" skipped="0" failures="0" errors="0" timestamp="2021-06-05T22:29:44" hostname="YARRISLAPTOP" time="0.008">
  <properties/>
  <testcase name="testDistance" classname="ru.stqa.pft.sandbox.PointTests" time="0.008"/>
  <testcase name="testSumResult" classname="ru.stqa.pft.sandbox.PointTests" time="0.0"/>
  <system-out><![CDATA[]]></system-out>
  <system-err><![CDATA[]]></system-err>
</testsuite>
